[debug] [2019-03-20T18:04:11.256Z] ----------------------------------------------------------------------
[debug] [2019-03-20T18:04:11.258Z] Command:       /usr/local/Cellar/node@10/10.15.2/bin/node /usr/local/bin/firebase serve --only hosting
[debug] [2019-03-20T18:04:11.258Z] CLI Version:   6.5.0
[debug] [2019-03-20T18:04:11.258Z] Platform:      darwin
[debug] [2019-03-20T18:04:11.258Z] Node Version:  v10.15.2
[debug] [2019-03-20T18:04:11.260Z] Time:          Wed Mar 20 2019 18:04:11 GMT+0000 (Greenwich Mean Time)
[debug] [2019-03-20T18:04:11.260Z] ----------------------------------------------------------------------
[debug] 
[debug] [2019-03-20T18:04:11.271Z] > command requires scopes: ["email","openid","https://www.googleapis.com/auth/cloudplatformprojects.readonly","https://www.googleapis.com/auth/firebase","https://www.googleapis.com/auth/cloud-platform"]
[debug] [2019-03-20T18:04:11.271Z] > authorizing via FIREBASE_TOKEN environment variable
[debug] [2019-03-20T18:04:11.271Z] [iam] checking project carlosanjos-dev for permissions ["firebase.projects.get"]
[debug] [2019-03-20T18:04:11.272Z] > refreshing access token with scopes: ["email","openid","https://www.googleapis.com/auth/cloudplatformprojects.readonly","https://www.googleapis.com/auth/firebase","https://www.googleapis.com/auth/cloud-platform"]
[debug] [2019-03-20T18:04:11.273Z] >>> HTTP REQUEST POST https://www.googleapis.com/oauth2/v3/token  
 <request body omitted>
[debug] [2019-03-20T18:04:11.371Z] <<< HTTP RESPONSE 200
[debug] [2019-03-20T18:04:11.372Z] >>> HTTP REQUEST POST https://cloudresourcemanager.googleapis.com/v1/projects/carlosanjos-dev:testIamPermissions  

[debug] [2019-03-20T18:04:12.126Z] <<< HTTP RESPONSE 200
[debug] [2019-03-20T18:04:12.130Z] >>> HTTP REQUEST GET https://cloudresourcemanager.googleapis.com/v1/projects/carlosanjos-dev  
 
[debug] [2019-03-20T18:04:12.894Z] <<< HTTP RESPONSE 200
[info] 
[info] === Serving from '/Users/Carlos/private/vue/carlosanjos.dev'...
[info] 
[debug] [2019-03-20T18:04:12.896Z] >>> HTTP REQUEST GET https://mobilesdk-pa.googleapis.com/v1/projects/795473269122/clients/_:getWebAppConfig  
 
